[debug] [2021-07-24T22:18:27.427Z] ----------------------------------------------------------------------
[debug] [2021-07-24T22:18:27.433Z] Command:       /usr/bin/node /usr/bin/firebase init
[debug] [2021-07-24T22:18:27.434Z] CLI Version:   9.9.0
[debug] [2021-07-24T22:18:27.434Z] Platform:      linux
[debug] [2021-07-24T22:18:27.434Z] Node Version:  v15.3.0
[debug] [2021-07-24T22:18:27.512Z] Time:          Sat Jul 24 2021 18:18:27 GMT-0400 (Eastern Daylight Time)
[debug] [2021-07-24T22:18:27.513Z] ----------------------------------------------------------------------
[debug] 
[debug] [2021-07-24T22:18:27.525Z] >>> [apiv2][query] GET https://firebase-public.firebaseio.com/cli.json [none]
[debug] [2021-07-24T22:18:27.661Z] > command requires scopes: ["email","openid","https://www.googleapis.com/auth/cloudplatformprojects.readonly","https://www.googleapis.com/auth/firebase","https://www.googleapis.com/auth/cloud-platform"]
[debug] [2021-07-24T22:18:27.662Z] > authorizing via signed-in user (hep.beraber.okuyalim@gmail.com)
[info] 
     ######## #### ########  ######## ########     ###     ######  ########
     ##        ##  ##     ## ##       ##     ##  ##   ##  ##       ##
     ######    ##  ########  ######   ########  #########  ######  ######
     ##        ##  ##    ##  ##       ##     ## ##     ##       ## ##
     ##       #### ##     ## ######## ########  ##     ##  ######  ########

You're about to initialize a Firebase project in this directory:

  /home/yusuf/Desktop/Hat/hatim/build

[debug] [2021-07-24T22:18:28.277Z] <<< [apiv2][status] GET https://firebase-public.firebaseio.com/cli.json 200
[debug] [2021-07-24T22:18:28.277Z] <<< [apiv2][body] GET https://firebase-public.firebaseio.com/cli.json {"cloudBuildErrorAfter":1594252800000,"cloudBuildWarnAfter":1590019200000,"defaultNode10After":1594252800000,"minVersion":"3.0.5","node8DeploysDisabledAfter":1613390400000,"node8RuntimeDisabledAfter":1615809600000,"node8WarnAfter":1600128000000}
[info] 
=== Project Setup
[info] 
[info] First, let's associate this project directory with a Firebase project.
[info] You can create multiple project aliases by running firebase use --add, 
[info] but for now we'll just set up a default project.
[info] 
[debug] [2021-07-24T22:18:58.176Z] > refreshing access token with scopes: []
[debug] [2021-07-24T22:18:58.178Z] >>> HTTP REQUEST POST https://www.googleapis.com/oauth2/v3/token  
 <request body omitted>
[debug] [2021-07-24T22:18:58.459Z] <<< HTTP RESPONSE 200 {"cache-control":"no-cache, no-store, max-age=0, must-revalidate","date":"Sat, 24 Jul 2021 22:18:58 GMT","expires":"Mon, 01 Jan 1990 00:00:00 GMT","pragma":"no-cache","content-type":"application/json; charset=utf-8","vary":"X-Origin, Referer, Origin,Accept-Encoding","server":"scaffolding on HTTPServer2","x-xss-protection":"0","x-frame-options":"SAMEORIGIN","x-content-type-options":"nosniff","alt-svc":"h3=\":443\"; ma=2592000,h3-29=\":443\"; ma=2592000,h3-T051=\":443\"; ma=2592000,h3-Q050=\":443\"; ma=2592000,h3-Q046=\":443\"; ma=2592000,h3-Q043=\":443\"; ma=2592000,quic=\":443\"; ma=2592000; v=\"46,43\"","accept-ranges":"none","transfer-encoding":"chunked"}
[debug] [2021-07-24T22:18:58.553Z] >>> [apiv2][query] GET https://firebase.googleapis.com/v1beta1/projects pageSize=100
[debug] [2021-07-24T22:18:59.030Z] <<< [apiv2][status] GET https://firebase.googleapis.com/v1beta1/projects 200
[debug] [2021-07-24T22:18:59.030Z] <<< [apiv2][body] GET https://firebase.googleapis.com/v1beta1/projects [omitted]
[info] i  Using project hatim-dagit (hatim-dagit) 
[info] 
=== Hosting Setup
[info] 
[info] Your public directory is the folder (relative to your project directory) that
[info] will contain Hosting assets to be uploaded with firebase deploy. If you
[info] have a build process for your assets, use your build's output directory.
[info] 
[debug] [2021-07-24T22:20:31.938Z] >>> [apiv2][query] GET https://www.gstatic.com/firebasejs/releases.json [none]
[debug] [2021-07-24T22:20:32.151Z] <<< [apiv2][status] GET https://www.gstatic.com/firebasejs/releases.json 200
[debug] [2021-07-24T22:20:32.151Z] <<< [apiv2][body] GET https://www.gstatic.com/firebasejs/releases.json {"current":{"version":"8.8.0","browserURL":"https://www.gstatic.com/firebasejs/8.8.0/firebase.js","packageURL":"https://www.gstatic.com/firebasejs/8.8.0/firebase.tgz"},"live":{"version":"8.8","browserURL":"https://www.gstatic.com/firebasejs/live/8.8/firebase.js","packageURL":"https://www.gstatic.com/firebasejs/live/8.8/firebase.tgz"},"components":{"analytics":"https://www.gstatic.com/firebasejs/8.8.0/firebase-analytics.js","app":"https://www.gstatic.com/firebasejs/8.8.0/firebase-app.js","app-check":"https://www.gstatic.com/firebasejs/8.8.0/firebase-app-check.js","auth":"https://www.gstatic.com/firebasejs/8.8.0/firebase-auth.js","database":"https://www.gstatic.com/firebasejs/8.8.0/firebase-database.js","firestore":"https://www.gstatic.com/firebasejs/8.8.0/firebase-firestore.js","functions":"https://www.gstatic.com/firebasejs/8.8.0/firebase-functions.js","installations":"https://www.gstatic.com/firebasejs/8.8.0/firebase-installations.js","messaging":"https://www.gstatic.com/firebasejs/8.8.0/firebase-messaging.js","storage":"https://www.gstatic.com/firebasejs/8.8.0/firebase-storage.js","performance":"https://www.gstatic.com/firebasejs/8.8.0/firebase-performance.js","remote-config":"https://www.gstatic.com/firebasejs/8.8.0/firebase-remote-config.js","firestore.memory":"https://www.gstatic.com/firebasejs/8.8.0/firebase-firestore.memory.js"}}
[info] i  Skipping write of ./index.html 
[info] 
[info] i  Detected a .git folder at /home/yusuf/Desktop/Hat/hatim 
[info] i  Authorizing with GitHub to upload your service account to a GitHub repository's secrets store. 
[info] 
[info] Visit this URL on this device to log in:
[info] https://github.com/login/oauth/authorize?client_id=89cf50f02ac6aaed3484&state=59496246&redirect_uri=http%3A%2F%2Flocalhost%3A9005&scope=read%3Auser%20repo%20public_repo
[info] 
[info] Waiting for authentication...
[debug] [2021-07-24T22:20:37.972Z] >>> HTTP REQUEST POST https://github.com/login/oauth/access_token  
 {"client_id":"89cf50f02ac6aaed3484","client_secret":"3330d14abc895d9a74d5f17cd7a00711fa2c5bf0","code":"0a82d614f7805ea70e12","redirect_uri":"http://localhost:9005","state":"59496246"}
[debug] [2021-07-24T22:20:38.315Z] <<< HTTP RESPONSE 200 {"server":"GitHub.com","date":"Sat, 24 Jul 2021 22:20:38 GMT","content-type":"application/json; charset=utf-8","transfer-encoding":"chunked","vary":"X-PJAX, Accept-Encoding, Accept, X-Requested-With","permissions-policy":"interest-cohort=()","etag":"W/\"dc1d9787c7d92ba581ffdd3f8e3006e9\"","cache-control":"max-age=0, private, must-revalidate","strict-transport-security":"max-age=31536000; includeSubdomains; preload","x-frame-options":"deny","x-content-type-options":"nosniff","x-xss-protection":"0","referrer-policy":"origin-when-cross-origin, strict-origin-when-cross-origin","expect-ct":"max-age=2592000, report-uri=\"https://api.github.com/_private/browser/errors\"","content-security-policy":"default-src 'none'; base-uri 'self'; block-all-mixed-content; connect-src 'self' uploads.github.com www.githubstatus.com collector.githubapp.com api.github.com github-cloud.s3.amazonaws.com github-production-repository-file-5c1aeb.s3.amazonaws.com github-production-upload-manifest-file-7fdce7.s3.amazonaws.com github-production-user-asset-6210df.s3.amazonaws.com cdn.optimizely.com logx.optimizely.com/v1/events translator.github.com wss://alive.github.com; font-src github.githubassets.com; form-action 'self' github.com gist.github.com; frame-ancestors 'none'; frame-src render.githubusercontent.com render-temp.githubusercontent.com viewscreen.githubusercontent.com; img-src 'self' data: github.githubassets.com identicons.github.com collector.githubapp.com github-cloud.s3.amazonaws.com secured-user-images.githubusercontent.com/ *.githubusercontent.com; manifest-src 'self'; media-src 'none'; script-src github.githubassets.com; style-src 'unsafe-inline' github.githubassets.com; worker-src github.com/socket-worker-3f088aa2.js gist.github.com/socket-worker-3f088aa2.js","x-github-request-id":"9872:13BF4:1DC2CBD:1ED9CBA:60FC9236"}
[debug] [2021-07-24T22:20:38.335Z] >>> [apiv2][query] GET https://api.github.com/user [none]
[debug] [2021-07-24T22:20:38.724Z] <<< [apiv2][status] GET https://api.github.com/user 200
[debug] [2021-07-24T22:20:38.725Z] <<< [apiv2][body] GET https://api.github.com/user {"login":"Yusuf-YENICERI","id":38917909,"node_id":"MDQ6VXNlcjM4OTE3OTA5","avatar_url":"https://avatars.githubusercontent.com/u/38917909?v=4","gravatar_id":"","url":"https://api.github.com/users/Yusuf-YENICERI","html_url":"https://github.com/Yusuf-YENICERI","followers_url":"https://api.github.com/users/Yusuf-YENICERI/followers","following_url":"https://api.github.com/users/Yusuf-YENICERI/following{/other_user}","gists_url":"https://api.github.com/users/Yusuf-YENICERI/gists{/gist_id}","starred_url":"https://api.github.com/users/Yusuf-YENICERI/starred{/owner}{/repo}","subscriptions_url":"https://api.github.com/users/Yusuf-YENICERI/subscriptions","organizations_url":"https://api.github.com/users/Yusuf-YENICERI/orgs","repos_url":"https://api.github.com/users/Yusuf-YENICERI/repos","events_url":"https://api.github.com/users/Yusuf-YENICERI/events{/privacy}","received_events_url":"https://api.github.com/users/Yusuf-YENICERI/received_events","type":"User","site_admin":false,"name":"Yusuf (YENİÇERİ)","company":null,"blog":"","location":null,"email":null,"hireable":null,"bio":"Web, masaüstü ve mobil uygulamalar yazıyorum inşaAllah. I write web, desktop and mobile applications inshaAllah.","twitter_username":null,"public_repos":12,"public_gists":0,"followers":7,"following":5,"created_at":"2018-05-02T15:03:08Z","updated_at":"2021-07-22T01:31:04Z","private_gists":0,"total_private_repos":7,"owned_private_repos":7,"disk_usage":64519,"collaborators":0,"two_factor_authentication":false,"plan":{"name":"free","space":976562499,"collaborators":0,"private_repos":10000}}
[info] 
[info] ✔  Success! Logged into GitHub as Yusuf-YENICERI 
[info] 
